{"/home/Danilo/Projects/erick-wendel/semana-js-expert/6.0/spotify-radio/server/config.ts": {"path":"/home/Danilo/Projects/erick-wendel/semana-js-expert/6.0/spotify-radio/server/config.ts","statementMap":{"0":{"start":{"line":4,"column":19},"end":{"line":4,"column":58}},"1":{"start":{"line":5,"column":13},"end":{"line":5,"column":36}},"2":{"start":{"line":6,"column":23},"end":{"line":6,"column":42}},"3":{"start":{"line":7,"column":24},"end":{"line":7,"column":44}}},"fnMap":{},"branchMap":{"0":{"loc":{"start":{"line":10,"column":8},"end":{"line":10,"column":32}},"type":"binary-expr","locations":[{"start":{"line":10,"column":8},"end":{"line":10,"column":24}},{"start":{"line":10,"column":28},"end":{"line":10,"column":32}}]}},"s":{"0":1,"1":1,"2":1,"3":1},"f":{},"b":{"0":[1,1]}}
,"/home/Danilo/Projects/erick-wendel/semana-js-expert/6.0/spotify-radio/server/controller.ts": {"path":"/home/Danilo/Projects/erick-wendel/semana-js-expert/6.0/spotify-radio/server/controller.ts","statementMap":{"0":{"start":{"line":7,"column":4},"end":{"line":7,"column":null}},"1":{"start":{"line":11,"column":4},"end":{"line":11,"column":null}}},"fnMap":{"0":{"name":"(anonymous_0)","decl":{"start":{"line":6,"column":2},"end":{"line":6,"column":null}},"loc":{"start":{"line":6,"column":2},"end":{"line":8,"column":3}}},"1":{"name":"(anonymous_1)","decl":{"start":{"line":10,"column":2},"end":{"line":10,"column":7}},"loc":{"start":{"line":10,"column":38},"end":{"line":12,"column":3}}}},"branchMap":{},"s":{"0":1,"1":0},"f":{"0":1,"1":0},"b":{}}
,"/home/Danilo/Projects/erick-wendel/semana-js-expert/6.0/spotify-radio/server/routes.ts": {"path":"/home/Danilo/Projects/erick-wendel/semana-js-expert/6.0/spotify-radio/server/routes.ts","statementMap":{"0":{"start":{"line":6,"column":57},"end":{"line":6,"column":63}},"1":{"start":{"line":8,"column":19},"end":{"line":8,"column":35}},"2":{"start":{"line":10,"column":26},"end":{"line":10,"column":29}},"3":{"start":{"line":12,"column":2},"end":{"line":18,"column":null}},"4":{"start":{"line":13,"column":4},"end":{"line":15,"column":null}},"5":{"start":{"line":17,"column":4},"end":{"line":17,"column":21}},"6":{"start":{"line":20,"column":2},"end":{"line":24,"column":null}},"7":{"start":{"line":21,"column":23},"end":{"line":21,"column":69}},"8":{"start":{"line":23,"column":4},"end":{"line":23,"column":null}},"9":{"start":{"line":26,"column":2},"end":{"line":30,"column":null}},"10":{"start":{"line":27,"column":23},"end":{"line":27,"column":75}},"11":{"start":{"line":29,"column":4},"end":{"line":29,"column":null}},"12":{"start":{"line":32,"column":2},"end":{"line":43,"column":null}},"13":{"start":{"line":33,"column":29},"end":{"line":33,"column":64}},"14":{"start":{"line":34,"column":24},"end":{"line":34,"column":42}},"15":{"start":{"line":36,"column":4},"end":{"line":40,"column":null}},"16":{"start":{"line":37,"column":6},"end":{"line":39,"column":null}},"17":{"start":{"line":42,"column":4},"end":{"line":42,"column":null}},"18":{"start":{"line":45,"column":2},"end":{"line":45,"column":null}},"19":{"start":{"line":46,"column":2},"end":{"line":46,"column":null}},"20":{"start":{"line":50,"column":2},"end":{"line":54,"column":null}},"21":{"start":{"line":51,"column":4},"end":{"line":51,"column":null}},"22":{"start":{"line":52,"column":4},"end":{"line":52,"column":null}},"23":{"start":{"line":53,"column":4},"end":{"line":53,"column":null}},"24":{"start":{"line":56,"column":2},"end":{"line":56,"column":null}},"25":{"start":{"line":57,"column":2},"end":{"line":57,"column":null}},"26":{"start":{"line":58,"column":2},"end":{"line":58,"column":19}},"27":{"start":{"line":62,"column":2},"end":{"line":63,"column":null}},"28":{"start":{"line":63,"column":20},"end":{"line":63,"column":43}}},"fnMap":{"0":{"name":"routes","decl":{"start":{"line":9,"column":15},"end":{"line":9,"column":21}},"loc":{"start":{"line":9,"column":63},"end":{"line":47,"column":1}}},"1":{"name":"handleError","decl":{"start":{"line":49,"column":9},"end":{"line":49,"column":20}},"loc":{"start":{"line":49,"column":54},"end":{"line":59,"column":1}}},"2":{"name":"handler","decl":{"start":{"line":61,"column":16},"end":{"line":61,"column":23}},"loc":{"start":{"line":61,"column":65},"end":{"line":65,"column":1}}},"3":{"name":"(anonymous_3)","decl":{"start":{"line":63,"column":11},"end":{"line":63,"column":16}},"loc":{"start":{"line":63,"column":20},"end":{"line":63,"column":43}}}},"branchMap":{"0":{"loc":{"start":{"line":12,"column":2},"end":{"line":18,"column":null}},"type":"if","locations":[{"start":{"line":12,"column":2},"end":{"line":18,"column":null}}]},"1":{"loc":{"start":{"line":12,"column":6},"end":{"line":12,"column":37}},"type":"binary-expr","locations":[{"start":{"line":12,"column":6},"end":{"line":12,"column":22}},{"start":{"line":12,"column":26},"end":{"line":12,"column":37}}]},"2":{"loc":{"start":{"line":20,"column":2},"end":{"line":24,"column":null}},"type":"if","locations":[{"start":{"line":20,"column":2},"end":{"line":24,"column":null}}]},"3":{"loc":{"start":{"line":20,"column":6},"end":{"line":20,"column":41}},"type":"binary-expr","locations":[{"start":{"line":20,"column":6},"end":{"line":20,"column":22}},{"start":{"line":20,"column":26},"end":{"line":20,"column":41}}]},"4":{"loc":{"start":{"line":26,"column":2},"end":{"line":30,"column":null}},"type":"if","locations":[{"start":{"line":26,"column":2},"end":{"line":30,"column":null}}]},"5":{"loc":{"start":{"line":26,"column":6},"end":{"line":26,"column":47}},"type":"binary-expr","locations":[{"start":{"line":26,"column":6},"end":{"line":26,"column":22}},{"start":{"line":26,"column":26},"end":{"line":26,"column":47}}]},"6":{"loc":{"start":{"line":32,"column":2},"end":{"line":43,"column":null}},"type":"if","locations":[{"start":{"line":32,"column":2},"end":{"line":43,"column":null}}]},"7":{"loc":{"start":{"line":32,"column":6},"end":{"line":32,"column":29}},"type":"binary-expr","locations":[{"start":{"line":32,"column":6},"end":{"line":32,"column":22}},{"start":{"line":32,"column":26},"end":{"line":32,"column":29}}]},"8":{"loc":{"start":{"line":36,"column":4},"end":{"line":40,"column":null}},"type":"if","locations":[{"start":{"line":36,"column":4},"end":{"line":40,"column":null}}]},"9":{"loc":{"start":{"line":50,"column":2},"end":{"line":54,"column":null}},"type":"if","locations":[{"start":{"line":50,"column":2},"end":{"line":54,"column":null}}]}},"s":{"0":1,"1":1,"2":8,"3":8,"4":1,"5":1,"6":7,"7":1,"8":1,"9":6,"10":1,"11":1,"12":5,"13":4,"14":2,"15":2,"16":1,"17":2,"18":1,"19":1,"20":2,"21":1,"22":1,"23":1,"24":1,"25":1,"26":1,"27":8,"28":2},"f":{"0":8,"1":2,"2":8,"3":2},"b":{"0":[1],"1":[8,7],"2":[1],"3":[7,6],"4":[1],"5":[6,5],"6":[4],"7":[5,4],"8":[1],"9":[1]}}
,"/home/Danilo/Projects/erick-wendel/semana-js-expert/6.0/spotify-radio/server/service.ts": {"path":"/home/Danilo/Projects/erick-wendel/semana-js-expert/6.0/spotify-radio/server/service.ts","statementMap":{"0":{"start":{"line":6,"column":37},"end":{"line":6,"column":43}},"1":{"start":{"line":9,"column":4},"end":{"line":9,"column":null}},"2":{"start":{"line":13,"column":25},"end":{"line":13,"column":52}},"3":{"start":{"line":15,"column":4},"end":{"line":15,"column":null}},"4":{"start":{"line":16,"column":21},"end":{"line":16,"column":42}},"5":{"start":{"line":18,"column":4},"end":{"line":21,"column":null}},"6":{"start":{"line":25,"column":27},"end":{"line":25,"column":55}},"7":{"start":{"line":26,"column":4},"end":{"line":29,"column":null}}},"fnMap":{"0":{"name":"(anonymous_0)","decl":{"start":{"line":8,"column":2},"end":{"line":8,"column":18}},"loc":{"start":{"line":8,"column":35},"end":{"line":10,"column":3}}},"1":{"name":"(anonymous_1)","decl":{"start":{"line":12,"column":2},"end":{"line":12,"column":7}},"loc":{"start":{"line":12,"column":32},"end":{"line":22,"column":3}}},"2":{"name":"(anonymous_2)","decl":{"start":{"line":24,"column":2},"end":{"line":24,"column":7}},"loc":{"start":{"line":24,"column":34},"end":{"line":30,"column":3}}}},"branchMap":{},"s":{"0":1,"1":0,"2":0,"3":0,"4":0,"5":0,"6":0,"7":0},"f":{"0":0,"1":0,"2":0},"b":{}}
,"/home/Danilo/Projects/erick-wendel/semana-js-expert/6.0/spotify-radio/server/util.ts": {"path":"/home/Danilo/Projects/erick-wendel/semana-js-expert/6.0/spotify-radio/server/util.ts","statementMap":{"0":{"start":{"line":3,"column":22},"end":{"line":11,"column":2}}},"fnMap":{},"branchMap":{},"s":{"0":1},"f":{},"b":{}}
,"/home/Danilo/Projects/erick-wendel/semana-js-expert/6.0/spotify-radio/tests/unit/_util/testUtil.ts": {"path":"/home/Danilo/Projects/erick-wendel/semana-js-expert/6.0/spotify-radio/tests/unit/_util/testUtil.ts","statementMap":{"0":{"start":{"line":7,"column":4},"end":{"line":14,"column":null}},"1":{"start":{"line":9,"column":8},"end":{"line":11,"column":null}},"2":{"start":{"line":10,"column":10},"end":{"line":10,"column":null}},"3":{"start":{"line":12,"column":8},"end":{"line":12,"column":null}},"4":{"start":{"line":18,"column":4},"end":{"line":24,"column":null}},"5":{"start":{"line":20,"column":8},"end":{"line":20,"column":null}},"6":{"start":{"line":22,"column":8},"end":{"line":22,"column":null}},"7":{"start":{"line":28,"column":26},"end":{"line":28,"column":81}},"8":{"start":{"line":29,"column":21},"end":{"line":29,"column":63}},"9":{"start":{"line":31,"column":17},"end":{"line":42,"column":null}},"10":{"start":{"line":44,"column":4},"end":{"line":47,"column":null}},"11":{"start":{"line":45,"column":20},"end":{"line":45,"column":76}}},"fnMap":{"0":{"name":"(anonymous_0)","decl":{"start":{"line":6,"column":2},"end":{"line":6,"column":8}},"loc":{"start":{"line":6,"column":46},"end":{"line":15,"column":3}}},"1":{"name":"(anonymous_1)","decl":{"start":{"line":8,"column":6},"end":{"line":8,"column":10}},"loc":{"start":{"line":8,"column":10},"end":{"line":13,"column":7}}},"2":{"name":"(anonymous_2)","decl":{"start":{"line":17,"column":2},"end":{"line":17,"column":8}},"loc":{"start":{"line":17,"column":64},"end":{"line":25,"column":3}}},"3":{"name":"(anonymous_3)","decl":{"start":{"line":17,"column":41},"end":{"line":17,"column":42}},"loc":{"start":{"line":17,"column":60},"end":{"line":17,"column":64}}},"4":{"name":"(anonymous_4)","decl":{"start":{"line":19,"column":6},"end":{"line":19,"column":11}},"loc":{"start":{"line":19,"column":26},"end":{"line":23,"column":7}}},"5":{"name":"(anonymous_5)","decl":{"start":{"line":27,"column":2},"end":{"line":27,"column":8}},"loc":{"start":{"line":27,"column":28},"end":{"line":48,"column":3}}},"6":{"name":"(anonymous_6)","decl":{"start":{"line":29,"column":53},"end":{"line":29,"column":56}},"loc":{"start":{"line":29,"column":58},"end":{"line":29,"column":62}}},"7":{"name":"(anonymous_7)","decl":{"start":{"line":45,"column":14},"end":{"line":45,"column":17}},"loc":{"start":{"line":45,"column":20},"end":{"line":45,"column":76}}}},"branchMap":{"0":{"loc":{"start":{"line":17,"column":32},"end":{"line":17,"column":64}},"type":"default-arg","locations":[{"start":{"line":17,"column":41},"end":{"line":17,"column":64}}]}},"s":{"0":12,"1":0,"2":0,"3":0,"4":8,"5":0,"6":0,"7":8,"8":8,"9":8,"10":8,"11":8},"f":{"0":12,"1":0,"2":8,"3":0,"4":0,"5":8,"6":0,"7":8},"b":{"0":[0]}}
}
