TN:
SF:server/config.ts
FNF:0
FNH:0
DA:4,1
DA:5,1
DA:6,1
DA:7,1
LF:4
LH:4
BRDA:10,0,0,1
BRDA:10,0,1,1
BRF:2
BRH:2
end_of_record
TN:
SF:server/controller.ts
FN:6,(anonymous_0)
FN:10,(anonymous_1)
FNF:2
FNH:1
FNDA:1,(anonymous_0)
FNDA:0,(anonymous_1)
DA:7,1
DA:11,0
LF:2
LH:1
BRF:0
BRH:0
end_of_record
TN:
SF:server/routes.ts
FN:9,routes
FN:49,handleError
FN:61,handler
FN:63,(anonymous_3)
FNF:4
FNH:4
FNDA:8,routes
FNDA:2,handleError
FNDA:8,handler
FNDA:2,(anonymous_3)
DA:6,1
DA:8,1
DA:10,8
DA:12,8
DA:13,1
DA:17,1
DA:20,7
DA:21,1
DA:23,1
DA:26,6
DA:27,1
DA:29,1
DA:32,5
DA:33,4
DA:34,2
DA:36,2
DA:37,1
DA:42,2
DA:45,1
DA:46,1
DA:50,2
DA:51,1
DA:52,1
DA:53,1
DA:56,1
DA:57,1
DA:58,1
DA:62,8
DA:63,2
LF:29
LH:29
BRDA:12,0,0,1
BRDA:12,1,0,8
BRDA:12,1,1,7
BRDA:20,2,0,1
BRDA:20,3,0,7
BRDA:20,3,1,6
BRDA:26,4,0,1
BRDA:26,5,0,6
BRDA:26,5,1,5
BRDA:32,6,0,4
BRDA:32,7,0,5
BRDA:32,7,1,4
BRDA:36,8,0,1
BRDA:50,9,0,1
BRF:14
BRH:14
end_of_record
TN:
SF:server/service.ts
FN:8,(anonymous_0)
FN:12,(anonymous_1)
FN:24,(anonymous_2)
FNF:3
FNH:0
FNDA:0,(anonymous_0)
FNDA:0,(anonymous_1)
FNDA:0,(anonymous_2)
DA:6,1
DA:9,0
DA:13,0
DA:15,0
DA:16,0
DA:18,0
DA:25,0
DA:26,0
LF:8
LH:1
BRF:0
BRH:0
end_of_record
TN:
SF:server/util.ts
FNF:0
FNH:0
DA:3,1
LF:1
LH:1
BRF:0
BRH:0
end_of_record
TN:
SF:tests/unit/_util/testUtil.ts
FN:6,(anonymous_0)
FN:8,(anonymous_1)
FN:17,(anonymous_2)
FN:17,(anonymous_3)
FN:19,(anonymous_4)
FN:27,(anonymous_5)
FN:29,(anonymous_6)
FN:45,(anonymous_7)
FNF:8
FNH:4
FNDA:12,(anonymous_0)
FNDA:0,(anonymous_1)
FNDA:8,(anonymous_2)
FNDA:0,(anonymous_3)
FNDA:0,(anonymous_4)
FNDA:8,(anonymous_5)
FNDA:0,(anonymous_6)
FNDA:8,(anonymous_7)
DA:7,12
DA:9,0
DA:10,0
DA:12,0
DA:18,8
DA:20,0
DA:22,0
DA:28,8
DA:29,8
DA:31,8
DA:44,8
DA:45,8
LF:12
LH:7
BRDA:17,0,0,0
BRF:1
BRH:0
end_of_record
